# JRE version: OpenJDK Runtime Environment (8.0_202-b03) (build 1.8.0_202-release-1483-b03)
# Java VM: OpenJDK 64-Bit Server VM (25.202-b03 mixed mode windows-amd64 compressed oops)
Heap:
 PSYoungGen      total 115712K, used 47714K [0x00000000e0000000, 0x00000000e8080000, 0x0000000100000000)
  eden space 103424K, 46% used [0x00000000e0000000,0x00000000e2e98908,0x00000000e6500000)
  from space 12288K, 0% used [0x00000000e7480000,0x00000000e7480000,0x00000000e8080000)
  to   space 13824K, 0% used [0x00000000e6580000,0x00000000e6580000,0x00000000e7300000)
 ParOldGen       total 167936K, used 19094K [0x00000000a0000000, 0x00000000aa400000, 0x00000000e0000000)
  object space 167936K, 11% used [0x00000000a0000000,0x00000000a12a5808,0x00000000aa400000)
 Metaspace       used 41297K, capacity 42132K, committed 42280K, reserved 1087488K
  class space    used 5621K, capacity 5902K, committed 5928K, reserved 1048576K
GC Heap History (10 events):
Event: 8.126 GC heap before
{Heap before GC invocations=4 (full 1):
 PSYoungGen      total 75776K, used 10746K [0x00000000e0000000, 0x00000000e5480000, 0x0000000100000000)
  eden space 65024K, 0% used [0x00000000e0000000,0x00000000e0000000,0x00000000e3f80000)
  from space 10752K, 99% used [0x00000000e3f80000,0x00000000e49fe8a8,0x00000000e4a00000)
  to   space 10752K, 0% used [0x00000000e4a00000,0x00000000e4a00000,0x00000000e5480000)
 ParOldGen       total 173568K, used 1163K [0x00000000a0000000, 0x00000000aa980000, 0x00000000e0000000)
  object space 173568K, 0% used [0x00000000a0000000,0x00000000a0122d90,0x00000000aa980000)
 Metaspace       used 20711K, capacity 21150K, committed 21296K, reserved 1067008K
  class space    used 2912K, capacity 3119K, committed 3200K, reserved 1048576K
Event: 8.161 GC heap after
Heap after GC invocations=4 (full 1):
 PSYoungGen      total 75776K, used 0K [0x00000000e0000000, 0x00000000e5480000, 0x0000000100000000)
  eden space 65024K, 0% used [0x00000000e0000000,0x00000000e0000000,0x00000000e3f80000)
  from space 10752K, 0% used [0x00000000e3f80000,0x00000000e3f80000,0x00000000e4a00000)
  to   space 10752K, 0% used [0x00000000e4a00000,0x00000000e4a00000,0x00000000e5480000)
 ParOldGen       total 103424K, used 11484K [0x00000000a0000000, 0x00000000a6500000, 0x00000000e0000000)
  object space 103424K, 11% used [0x00000000a0000000,0x00000000a0b373a0,0x00000000a6500000)
 Metaspace       used 20711K, capacity 21150K, committed 21296K, reserved 1067008K
  class space    used 2912K, capacity 3119K, committed 3200K, reserved 1048576K
}
Event: 9.319 GC heap before
{Heap before GC invocations=5 (full 1):
 PSYoungGen      total 75776K, used 65024K [0x00000000e0000000, 0x00000000e5480000, 0x0000000100000000)
  eden space 65024K, 100% used [0x00000000e0000000,0x00000000e3f80000,0x00000000e3f80000)
  from space 10752K, 0% used [0x00000000e3f80000,0x00000000e3f80000,0x00000000e4a00000)
  to   space 10752K, 0% used [0x00000000e4a00000,0x00000000e4a00000,0x00000000e5480000)
 ParOldGen       total 103424K, used 11484K [0x00000000a0000000, 0x00000000a6500000, 0x00000000e0000000)
  object space 103424K, 11% used [0x00000000a0000000,0x00000000a0b373a0,0x00000000a6500000)
 Metaspace       used 28625K, capacity 29106K, committed 29440K, reserved 1075200K
  class space    used 3853K, capacity 4034K, committed 4096K, reserved 1048576K
Event: 9.325 GC heap after
Heap after GC invocations=5 (full 1):
 PSYoungGen      total 75776K, used 7710K [0x00000000e0000000, 0x00000000e7a80000, 0x0000000100000000)
  eden space 65024K, 0% used [0x00000000e0000000,0x00000000e0000000,0x00000000e3f80000)
  from space 10752K, 71% used [0x00000000e4a00000,0x00000000e5187a68,0x00000000e5480000)
  to   space 10752K, 0% used [0x00000000e3f80000,0x00000000e3f80000,0x00000000e4a00000)
 ParOldGen       total 103424K, used 11492K [0x00000000a0000000, 0x00000000a6500000, 0x00000000e0000000)
  object space 103424K, 11% used [0x00000000a0000000,0x00000000a0b393a0,0x00000000a6500000)
 Metaspace       used 28625K, capacity 29106K, committed 29440K, reserved 1075200K
  class space    used 3853K, capacity 4034K, committed 4096K, reserved 1048576K
}
Event: 9.868 GC heap before
{Heap before GC invocations=6 (full 1):
 PSYoungGen      total 75776K, used 72734K [0x00000000e0000000, 0x00000000e7a80000, 0x0000000100000000)
  eden space 65024K, 100% used [0x00000000e0000000,0x00000000e3f80000,0x00000000e3f80000)
  from space 10752K, 71% used [0x00000000e4a00000,0x00000000e5187a68,0x00000000e5480000)
  to   space 10752K, 0% used [0x00000000e3f80000,0x00000000e3f80000,0x00000000e4a00000)
 ParOldGen       total 103424K, used 11492K [0x00000000a0000000, 0x00000000a6500000, 0x00000000e0000000)
  object space 103424K, 11% used [0x00000000a0000000,0x00000000a0b393a0,0x00000000a6500000)
 Metaspace       used 32037K, capacity 32502K, committed 32768K, reserved 1077248K
  class space    used 4406K, capacity 4588K, committed 4608K, reserved 1048576K
Event: 9.874 GC heap after
Heap after GC invocations=6 (full 1):
 PSYoungGen      total 75776K, used 8578K [0x00000000e0000000, 0x00000000e8100000, 0x0000000100000000)
  eden space 65024K, 0% used [0x00000000e0000000,0x00000000e0000000,0x00000000e3f80000)
  from space 10752K, 79% used [0x00000000e3f80000,0x00000000e47e0968,0x00000000e4a00000)
  to   space 12800K, 0% used [0x00000000e7480000,0x00000000e7480000,0x00000000e8100000)
 ParOldGen       total 103424K, used 11500K [0x00000000a0000000, 0x00000000a6500000, 0x00000000e0000000)
  object space 103424K, 11% used [0x00000000a0000000,0x00000000a0b3b3a0,0x00000000a6500000)
 Metaspace       used 32037K, capacity 32502K, committed 32768K, reserved 1077248K
  class space    used 4406K, capacity 4588K, committed 4608K, reserved 1048576K
}
Event: 12.709 GC heap before
{Heap before GC invocations=7 (full 1):
 PSYoungGen      total 75776K, used 65801K [0x00000000e0000000, 0x00000000e8100000, 0x0000000100000000)
  eden space 65024K, 88% used [0x00000000e0000000,0x00000000e37e1da0,0x00000000e3f80000)
  from space 10752K, 79% used [0x00000000e3f80000,0x00000000e47e0968,0x00000000e4a00000)
  to   space 12800K, 0% used [0x00000000e7480000,0x00000000e7480000,0x00000000e8100000)
 ParOldGen       total 103424K, used 11500K [0x00000000a0000000, 0x00000000a6500000, 0x00000000e0000000)
  object space 103424K, 11% used [0x00000000a0000000,0x00000000a0b3b3a0,0x00000000a6500000)
 Metaspace       used 34836K, capacity 35482K, committed 35496K, reserved 1079296K
  class space    used 4810K, capacity 5032K, committed 5032K, reserved 1048576K
Event: 12.715 GC heap after
Heap after GC invocations=7 (full 1):
 PSYoungGen      total 115712K, used 12163K [0x00000000e0000000, 0x00000000e8080000, 0x0000000100000000)
  eden space 103424K, 0% used [0x00000000e0000000,0x00000000e0000000,0x00000000e6500000)
  from space 12288K, 98% used [0x00000000e7480000,0x00000000e8060e28,0x00000000e8080000)
  to   space 13824K, 0% used [0x00000000e6580000,0x00000000e6580000,0x00000000e7300000)
 ParOldGen       total 103424K, used 11508K [0x00000000a0000000, 0x00000000a6500000, 0x00000000e0000000)
  object space 103424K, 11% used [0x00000000a0000000,0x00000000a0b3d3a0,0x00000000a6500000)
 Metaspace       used 34836K, capacity 35482K, committed 35496K, reserved 1079296K
  class space    used 4810K, capacity 5032K, committed 5032K, reserved 1048576K
}
Event: 12.715 GC heap before
{Heap before GC invocations=8 (full 2):
 PSYoungGen      total 115712K, used 12163K [0x00000000e0000000, 0x00000000e8080000, 0x0000000100000000)
  eden space 103424K, 0% used [0x00000000e0000000,0x00000000e0000000,0x00000000e6500000)
  from space 12288K, 98% used [0x00000000e7480000,0x00000000e8060e28,0x00000000e8080000)
  to   space 13824K, 0% used [0x00000000e6580000,0x00000000e6580000,0x00000000e7300000)
 ParOldGen       total 103424K, used 11508K [0x00000000a0000000, 0x00000000a6500000, 0x00000000e0000000)
  object space 103424K, 11% used [0x00000000a0000000,0x00000000a0b3d3a0,0x00000000a6500000)
 Metaspace       used 34836K, capacity 35482K, committed 35496K, reserved 1079296K
  class space    used 4810K, capacity 5032K, committed 5032K, reserved 1048576K
Event: 12.787 GC heap after
Heap after GC invocations=8 (full 2):
 PSYoungGen      total 115712K, used 0K [0x00000000e0000000, 0x00000000e8080000, 0x0000000100000000)
  eden space 103424K, 0% used [0x00000000e0000000,0x00000000e0000000,0x00000000e6500000)
  from space 12288K, 0% used [0x00000000e7480000,0x00000000e7480000,0x00000000e8080000)
  to   space 13824K, 0% used [0x00000000e6580000,0x00000000e6580000,0x00000000e7300000)
 ParOldGen       total 167936K, used 19094K [0x00000000a0000000, 0x00000000aa400000, 0x00000000e0000000)
  object space 167936K, 11% used [0x00000000a0000000,0x00000000a12a5808,0x00000000aa400000)
 Metaspace       used 34826K, capacity 35452K, committed 35496K, reserved 1079296K
  class space    used 4807K, capacity 5027K, committed 5032K, reserved 1048576K
}

